0 info it worked if it ends with ok
1 verbose cli [ '/usr/local/bin/node', '/usr/local/bin/npm', 'publish' ]
2 info using npm@3.8.9
3 info using node@v6.2.0
4 verbose publish [ '.' ]
5 silly cache add args [ '.', null ]
6 verbose cache add spec .
7 silly cache add parsed spec Result {
7 silly cache add   raw: '.',
7 silly cache add   scope: null,
7 silly cache add   name: null,
7 silly cache add   rawSpec: '.',
7 silly cache add   spec: '/Users/yhon/Documents/webTest/generator-vuex-starter',
7 silly cache add   type: 'directory' }
8 verbose addLocalDirectory /Users/yhon/.npm/generator-vuex-starter/0.0.3/package.tgz not in flight; packing
9 verbose correctMkdir /Users/yhon/.npm correctMkdir not in flight; initializing
10 info lifecycle generator-vuex-starter@0.0.3~prepublish: generator-vuex-starter@0.0.3
11 verbose lifecycle generator-vuex-starter@0.0.3~prepublish: unsafe-perm in lifecycle true
12 verbose lifecycle generator-vuex-starter@0.0.3~prepublish: PATH: /usr/local/lib/node_modules/npm/bin/node-gyp-bin:/Users/yhon/Documents/webTest/generator-vuex-starter/node_modules/.bin:/usr/local/bin:/usr/local/openshift-origin-client-tools-v1.4.1:/Users/yhon/Library/Android/sdk/platform-tools:/usr/local/sbin:/usr/local/elasticsearch-5.2.1/bin:/usr/local/bin:/usr/bin:/bin:/usr/sbin:/sbin:/usr/local/Cellar/redis/3.2.1/bin:/usr/local/mysql/bin
13 verbose lifecycle generator-vuex-starter@0.0.3~prepublish: CWD: /Users/yhon/Documents/webTest/generator-vuex-starter
14 silly lifecycle generator-vuex-starter@0.0.3~prepublish: Args: [ '-c', 'nsp check' ]
15 silly lifecycle generator-vuex-starter@0.0.3~prepublish: Returned: code: 0  signal: null
16 verbose tar pack [ '/Users/yhon/.npm/generator-vuex-starter/0.0.3/package.tgz',
16 verbose tar pack   '/Users/yhon/Documents/webTest/generator-vuex-starter' ]
17 verbose tarball /Users/yhon/.npm/generator-vuex-starter/0.0.3/package.tgz
18 verbose folder /Users/yhon/Documents/webTest/generator-vuex-starter
19 verbose addLocalTarball adding from inside cache /Users/yhon/.npm/generator-vuex-starter/0.0.3/package.tgz
20 verbose correctMkdir /Users/yhon/.npm correctMkdir not in flight; initializing
21 silly cache afterAdd generator-vuex-starter@0.0.3
22 verbose afterAdd /Users/yhon/.npm/generator-vuex-starter/0.0.3/package/package.json not in flight; writing
23 verbose correctMkdir /Users/yhon/.npm correctMkdir not in flight; initializing
24 verbose afterAdd /Users/yhon/.npm/generator-vuex-starter/0.0.3/package/package.json written
25 silly publish { name: 'generator-vuex-starter',
25 silly publish   version: '0.0.3',
25 silly publish   description: 'a vuex starter',
25 silly publish   homepage: 'https://github.com/yhonzhao/generator-vuex-starter#readme',
25 silly publish   private: true,
25 silly publish   author: { name: 'Yhon', email: '760244249@qq.com' },
25 silly publish   files: [ 'generators' ],
25 silly publish   main: 'generators/index.js',
25 silly publish   keywords: [ 'yeoman-generator' ],
25 silly publish   devDependencies:
25 silly publish    { 'yeoman-test': '^1.6.0',
25 silly publish      'yeoman-assert': '^3.0.0',
25 silly publish      coveralls: '^2.12.0',
25 silly publish      nsp: '^2.6.3',
25 silly publish      eslint: '^3.18.0',
25 silly publish      'eslint-config-xo-space': '^0.16.0',
25 silly publish      jest: '^19.0.2',
25 silly publish      'jest-cli': '^19.0.1' },
25 silly publish   dependencies:
25 silly publish    { chalk: '^1.1.3',
25 silly publish      mkdirp: '^0.5.1',
25 silly publish      path: '^0.12.7',
25 silly publish      'yeoman-generator': '^1.0.0',
25 silly publish      yosay: '^2.0.0' },
25 silly publish   jest: { testEnvironment: 'node' },
25 silly publish   scripts:
25 silly publish    { prepublish: 'nsp check',
25 silly publish      pretest: 'eslint . --fix',
25 silly publish      test: 'jest' },
25 silly publish   eslintConfig: { extends: 'xo-space', env: { jest: true, node: true } },
25 silly publish   repository:
25 silly publish    { type: 'git',
25 silly publish      url: 'git+https://github.com/yhonzhao/generator-vuex-starter.git' },
25 silly publish   license: 'MIT',
25 silly publish   readme: '# generator-vuex-starter [![NPM version][npm-image]][npm-url] [![Build Status][travis-image]][travis-url] [![Dependency Status][daviddm-image]][daviddm-url] [![Coverage percentage][coveralls-image]][coveralls-url]\n> a vuex starter\n\n## Installation\n\nFirst, install [Yeoman](http://yeoman.io) and generator-vuex-starter using [npm](https://www.npmjs.com/) (we assume you have pre-installed [node.js](https://nodejs.org/)).\n\n```bash\nnpm install -g yo\nnpm install -g generator-vuex-starter\n```\n\nThen generate your new project:\n\n```bash\nyo vuex-starter\n```\n\n## Getting To Know Yeoman\n\n * Yeoman has a heart of gold.\n * Yeoman is a person with feelings and opinions, but is very easy to work with.\n * Yeoman can be too opinionated at times but is easily convinced not to be.\n * Feel free to [learn more about Yeoman](http://yeoman.io/).\n\n## License\n\nMIT © [Yhon]()\n\n\n[npm-image]: https://badge.fury.io/js/generator-vuex-starter.svg\n[npm-url]: https://npmjs.org/package/generator-vuex-starter\n[travis-image]: https://travis-ci.org/yhonzhao/generator-vuex-starter.svg?branch=master\n[travis-url]: https://travis-ci.org/yhonzhao/generator-vuex-starter\n[daviddm-image]: https://david-dm.org/yhonzhao/generator-vuex-starter.svg?theme=shields.io\n[daviddm-url]: https://david-dm.org/yhonzhao/generator-vuex-starter\n[coveralls-image]: https://coveralls.io/repos/yhonzhao/generator-vuex-starter/badge.svg\n[coveralls-url]: https://coveralls.io/r/yhonzhao/generator-vuex-starter\n',
25 silly publish   readmeFilename: 'README.md',
25 silly publish   gitHead: '113d9bacd3869d45b180803918199486cf62e410',
25 silly publish   bugs: { url: 'https://github.com/yhonzhao/generator-vuex-starter/issues' },
25 silly publish   _id: 'generator-vuex-starter@0.0.3',
25 silly publish   _shasum: 'ee1c72d29985958f76542139fc4158c33f0cb152',
25 silly publish   _from: '.' }
26 verbose getPublishConfig undefined
27 verbose stack Error: This package has been marked as private
27 verbose stack Remove the 'private' field from the package.json to publish it.
27 verbose stack     at publish_ (/usr/local/lib/node_modules/npm/lib/publish.js:100:15)
27 verbose stack     at Array.<anonymous> (/usr/local/lib/node_modules/npm/node_modules/slide/lib/bind-actor.js:15:8)
27 verbose stack     at LOOP (/usr/local/lib/node_modules/npm/node_modules/slide/lib/chain.js:15:14)
27 verbose stack     at LOOP (/usr/local/lib/node_modules/npm/node_modules/slide/lib/chain.js:14:28)
27 verbose stack     at chain (/usr/local/lib/node_modules/npm/node_modules/slide/lib/chain.js:20:5)
27 verbose stack     at /usr/local/lib/node_modules/npm/lib/publish.js:72:5
27 verbose stack     at RES (/usr/local/lib/node_modules/npm/node_modules/inflight/inflight.js:23:14)
27 verbose stack     at f (/usr/local/lib/node_modules/npm/node_modules/once/once.js:17:25)
27 verbose stack     at /usr/local/lib/node_modules/npm/lib/cache.js:362:16
27 verbose stack     at /usr/local/lib/node_modules/npm/node_modules/write-file-atomic/index.js:29:9
28 verbose cwd /Users/yhon/Documents/webTest/generator-vuex-starter
29 error Darwin 16.5.0
30 error argv "/usr/local/bin/node" "/usr/local/bin/npm" "publish"
31 error node v6.2.0
32 error npm  v3.8.9
33 error This package has been marked as private
33 error Remove the 'private' field from the package.json to publish it.
34 error If you need help, you may report this error at:
34 error     <https://github.com/npm/npm/issues>
35 verbose exit [ 1, true ]
